<?xml version="1.0" encoding="UTF-8"?>
<testng-results skipped="0" failed="0" total="1" passed="1">
  <reporter-output>
  </reporter-output>
  <suite name="Default suite" duration-ms="13766" started-at="2018-08-29T00:32:00Z" finished-at="2018-08-29T00:32:13Z">
    <groups>
    </groups>
    <test name="Default test" duration-ms="13766" started-at="2018-08-29T00:32:00Z" finished-at="2018-08-29T00:32:13Z">
      <class name="assertionsExamples.TestNGAsserts">
        <test-method status="PASS" signature="testNGAsserts()[pri:0, instance:assertionsExamples.TestNGAsserts@643b1d11]" name="testNGAsserts" duration-ms="13752" started-at="2018-08-28T20:32:00Z" finished-at="2018-08-28T20:32:13Z">
          <reporter-output>
          </reporter-output>
        </test-method> <!-- testNGAsserts -->
      </class> <!-- assertionsExamples.TestNGAsserts -->
    </test> <!-- Default test -->
  </suite> <!-- Default suite -->
</testng-results>
